# JRE version: OpenJDK Runtime Environment (8.0_202-b03) (build 1.8.0_202-release-1483-b03)
# Java VM: OpenJDK 64-Bit Server VM (25.202-b03 mixed mode windows-amd64 compressed oops)
Heap:
 PSYoungGen      total 71168K, used 7882K [0x00000000e0000000, 0x00000000e6b80000, 0x0000000100000000)
  eden space 60928K, 0% used [0x00000000e0000000,0x00000000e0000078,0x00000000e3b80000)
  from space 10240K, 76% used [0x00000000e6180000,0x00000000e6932918,0x00000000e6b80000)
  to   space 10240K, 0% used [0x00000000e3b80000,0x00000000e3b80000,0x00000000e4580000)
 ParOldGen       total 58880K, used 8834K [0x00000000a0000000, 0x00000000a3980000, 0x00000000e0000000)
  object space 58880K, 15% used [0x00000000a0000000,0x00000000a08a0bc0,0x00000000a3980000)
 Metaspace       used 31687K, capacity 32312K, committed 32512K, reserved 1077248K
  class space    used 4327K, capacity 4545K, committed 4608K, reserved 1048576K
GC Heap History (10 events):
Event: 5.360 GC heap after
Heap after GC invocations=4 (full 0):
 PSYoungGen      total 35840K, used 5094K [0x00000000e0000000, 0x00000000e2800000, 0x0000000100000000)
  eden space 30720K, 0% used [0x00000000e0000000,0x00000000e0000000,0x00000000e1e00000)
  from space 5120K, 99% used [0x00000000e2300000,0x00000000e27f9a28,0x00000000e2800000)
  to   space 5120K, 0% used [0x00000000e1e00000,0x00000000e1e00000,0x00000000e2300000)
 ParOldGen       total 81920K, used 3451K [0x00000000a0000000, 0x00000000a5000000, 0x00000000e0000000)
  object space 81920K, 4% used [0x00000000a0000000,0x00000000a035ecb8,0x00000000a5000000)
 Metaspace       used 15378K, capacity 15890K, committed 16256K, reserved 1062912K
  class space    used 2172K, capacity 2333K, committed 2432K, reserved 1048576K
}
Event: 5.881 GC heap before
{Heap before GC invocations=5 (full 0):
 PSYoungGen      total 35840K, used 35814K [0x00000000e0000000, 0x00000000e2800000, 0x0000000100000000)
  eden space 30720K, 100% used [0x00000000e0000000,0x00000000e1e00000,0x00000000e1e00000)
  from space 5120K, 99% used [0x00000000e2300000,0x00000000e27f9a28,0x00000000e2800000)
  to   space 5120K, 0% used [0x00000000e1e00000,0x00000000e1e00000,0x00000000e2300000)
 ParOldGen       total 81920K, used 3451K [0x00000000a0000000, 0x00000000a5000000, 0x00000000e0000000)
  object space 81920K, 4% used [0x00000000a0000000,0x00000000a035ecb8,0x00000000a5000000)
 Metaspace       used 18330K, capacity 18776K, committed 19072K, reserved 1064960K
  class space    used 2642K, capacity 2820K, committed 2944K, reserved 1048576K
Event: 5.892 GC heap after
Heap after GC invocations=5 (full 0):
 PSYoungGen      total 35840K, used 5088K [0x00000000e0000000, 0x00000000e4f00000, 0x0000000100000000)
  eden space 30720K, 0% used [0x00000000e0000000,0x00000000e0000000,0x00000000e1e00000)
  from space 5120K, 99% used [0x00000000e1e00000,0x00000000e22f8050,0x00000000e2300000)
  to   space 9728K, 0% used [0x00000000e4580000,0x00000000e4580000,0x00000000e4f00000)
 ParOldGen       total 81920K, used 6872K [0x00000000a0000000, 0x00000000a5000000, 0x00000000e0000000)
  object space 81920K, 8% used [0x00000000a0000000,0x00000000a06b6160,0x00000000a5000000)
 Metaspace       used 18330K, capacity 18776K, committed 19072K, reserved 1064960K
  class space    used 2642K, capacity 2820K, committed 2944K, reserved 1048576K
}
Event: 6.591 GC heap before
{Heap before GC invocations=6 (full 0):
 PSYoungGen      total 35840K, used 24420K [0x00000000e0000000, 0x00000000e4f00000, 0x0000000100000000)
  eden space 30720K, 62% used [0x00000000e0000000,0x00000000e12e1358,0x00000000e1e00000)
  from space 5120K, 99% used [0x00000000e1e00000,0x00000000e22f8050,0x00000000e2300000)
  to   space 9728K, 0% used [0x00000000e4580000,0x00000000e4580000,0x00000000e4f00000)
 ParOldGen       total 81920K, used 6872K [0x00000000a0000000, 0x00000000a5000000, 0x00000000e0000000)
  object space 81920K, 8% used [0x00000000a0000000,0x00000000a06b6160,0x00000000a5000000)
 Metaspace       used 20592K, capacity 21094K, committed 21296K, reserved 1067008K
  class space    used 2963K, capacity 3143K, committed 3200K, reserved 1048576K
Event: 6.600 GC heap after
Heap after GC invocations=6 (full 0):
 PSYoungGen      total 70656K, used 8171K [0x00000000e0000000, 0x00000000e5000000, 0x0000000100000000)
  eden space 60928K, 0% used [0x00000000e0000000,0x00000000e0000000,0x00000000e3b80000)
  from space 9728K, 84% used [0x00000000e4580000,0x00000000e4d7aed0,0x00000000e4f00000)
  to   space 10240K, 0% used [0x00000000e3b80000,0x00000000e3b80000,0x00000000e4580000)
 ParOldGen       total 81920K, used 6880K [0x00000000a0000000, 0x00000000a5000000, 0x00000000e0000000)
  object space 81920K, 8% used [0x00000000a0000000,0x00000000a06b8160,0x00000000a5000000)
 Metaspace       used 20592K, capacity 21094K, committed 21296K, reserved 1067008K
  class space    used 2963K, capacity 3143K, committed 3200K, reserved 1048576K
}
Event: 6.600 GC heap before
{Heap before GC invocations=7 (full 1):
 PSYoungGen      total 70656K, used 8171K [0x00000000e0000000, 0x00000000e5000000, 0x0000000100000000)
  eden space 60928K, 0% used [0x00000000e0000000,0x00000000e0000000,0x00000000e3b80000)
  from space 9728K, 84% used [0x00000000e4580000,0x00000000e4d7aed0,0x00000000e4f00000)
  to   space 10240K, 0% used [0x00000000e3b80000,0x00000000e3b80000,0x00000000e4580000)
 ParOldGen       total 81920K, used 6880K [0x00000000a0000000, 0x00000000a5000000, 0x00000000e0000000)
  object space 81920K, 8% used [0x00000000a0000000,0x00000000a06b8160,0x00000000a5000000)
 Metaspace       used 20592K, capacity 21094K, committed 21296K, reserved 1067008K
  class space    used 2963K, capacity 3143K, committed 3200K, reserved 1048576K
Event: 6.672 GC heap after
Heap after GC invocations=7 (full 1):
 PSYoungGen      total 70656K, used 0K [0x00000000e0000000, 0x00000000e5000000, 0x0000000100000000)
  eden space 60928K, 0% used [0x00000000e0000000,0x00000000e0000000,0x00000000e3b80000)
  from space 9728K, 0% used [0x00000000e4580000,0x00000000e4580000,0x00000000e4f00000)
  to   space 10240K, 0% used [0x00000000e3b80000,0x00000000e3b80000,0x00000000e4580000)
 ParOldGen       total 58880K, used 8818K [0x00000000a0000000, 0x00000000a3980000, 0x00000000e0000000)
  object space 58880K, 14% used [0x00000000a0000000,0x00000000a089cbc0,0x00000000a3980000)
 Metaspace       used 20592K, capacity 21094K, committed 21296K, reserved 1067008K
  class space    used 2963K, capacity 3143K, committed 3200K, reserved 1048576K
}
Event: 7.732 GC heap before
{Heap before GC invocations=8 (full 1):
 PSYoungGen      total 70656K, used 60928K [0x00000000e0000000, 0x00000000e5000000, 0x0000000100000000)
  eden space 60928K, 100% used [0x00000000e0000000,0x00000000e3b80000,0x00000000e3b80000)
  from space 9728K, 0% used [0x00000000e4580000,0x00000000e4580000,0x00000000e4f00000)
  to   space 10240K, 0% used [0x00000000e3b80000,0x00000000e3b80000,0x00000000e4580000)
 ParOldGen       total 58880K, used 8818K [0x00000000a0000000, 0x00000000a3980000, 0x00000000e0000000)
  object space 58880K, 14% used [0x00000000a0000000,0x00000000a089cbc0,0x00000000a3980000)
 Metaspace       used 28734K, capacity 29210K, committed 29440K, reserved 1075200K
  class space    used 3870K, capacity 4023K, committed 4096K, reserved 1048576K
Event: 7.738 GC heap after
Heap after GC invocations=8 (full 1):
 PSYoungGen      total 71168K, used 7481K [0x00000000e0000000, 0x00000000e6b80000, 0x0000000100000000)
  eden space 60928K, 0% used [0x00000000e0000000,0x00000000e0000000,0x00000000e3b80000)
  from space 10240K, 73% used [0x00000000e3b80000,0x00000000e42ce638,0x00000000e4580000)
  to   space 10240K, 0% used [0x00000000e6180000,0x00000000e6180000,0x00000000e6b80000)
 ParOldGen       total 58880K, used 8826K [0x00000000a0000000, 0x00000000a3980000, 0x00000000e0000000)
  object space 58880K, 14% used [0x00000000a0000000,0x00000000a089ebc0,0x00000000a3980000)
 Metaspace       used 28734K, capacity 29210K, committed 29440K, reserved 1075200K
  class space    used 3870K, capacity 4023K, committed 4096K, reserved 1048576K
}
Event: 8.329 GC heap before
{Heap before GC invocations=9 (full 1):
 PSYoungGen      total 71168K, used 68409K [0x00000000e0000000, 0x00000000e6b80000, 0x0000000100000000)
  eden space 60928K, 100% used [0x00000000e0000000,0x00000000e3b80000,0x00000000e3b80000)
  from space 10240K, 73% used [0x00000000e3b80000,0x00000000e42ce638,0x00000000e4580000)
  to   space 10240K, 0% used [0x00000000e6180000,0x00000000e6180000,0x00000000e6b80000)
 ParOldGen       total 58880K, used 8826K [0x00000000a0000000, 0x00000000a3980000, 0x00000000e0000000)
  object space 58880K, 14% used [0x00000000a0000000,0x00000000a089ebc0,0x00000000a3980000)
 Metaspace       used 31686K, capacity 32312K, committed 32512K, reserved 1077248K
  class space    used 4327K, capacity 4545K, committed 4608K, reserved 1048576K

